<?xml version="1.0" encoding="UTF-8"?>
<coverage generated="1659289797935" clover="3.2.0">
  <project timestamp="1659289797935" name="All files">
    <metrics statements="77" coveredstatements="60" conditionals="30" coveredconditionals="30" methods="31" coveredmethods="14" elements="138" coveredelements="104" complexity="0" loc="77" ncloc="77" packages="1" files="4" classes="4"/>
    <file name="AminoAcid.js" path="C:\Users\jackd\Documents\code\Gene\src\AminoAcid.js">
      <metrics statements="9" coveredstatements="9" conditionals="6" coveredconditionals="6" methods="1" coveredmethods="1"/>
      <line num="4" count="25" type="cond" truecount="2" falsecount="0"/>
      <line num="5" count="1" type="stmt"/>
      <line num="8" count="24" type="cond" truecount="2" falsecount="0"/>
      <line num="9" count="1" type="stmt"/>
      <line num="12" count="23" type="cond" truecount="2" falsecount="0"/>
      <line num="13" count="1" type="stmt"/>
      <line num="16" count="22" type="stmt"/>
      <line num="17" count="22" type="stmt"/>
      <line num="21" count="4" type="stmt"/>
    </file>
    <file name="AminoAcidFactory.js" path="C:\Users\jackd\Documents\code\Gene\src\AminoAcidFactory.js">
      <metrics statements="28" coveredstatements="11" conditionals="2" coveredconditionals="2" methods="23" coveredmethods="6"/>
      <line num="1" count="3" type="stmt"/>
      <line num="5" count="26" type="stmt"/>
      <line num="6" count="4" type="stmt"/>
      <line num="7" count="0" type="stmt"/>
      <line num="8" count="0" type="stmt"/>
      <line num="9" count="10" type="stmt"/>
      <line num="10" count="0" type="stmt"/>
      <line num="11" count="0" type="stmt"/>
      <line num="12" count="0" type="stmt"/>
      <line num="13" count="4" type="stmt"/>
      <line num="14" count="0" type="stmt"/>
      <line num="15" count="0" type="stmt"/>
      <line num="16" count="0" type="stmt"/>
      <line num="17" count="0" type="stmt"/>
      <line num="18" count="0" type="stmt"/>
      <line num="19" count="0" type="stmt"/>
      <line num="20" count="0" type="stmt"/>
      <line num="21" count="0" type="stmt"/>
      <line num="22" count="0" type="stmt"/>
      <line num="23" count="0" type="stmt"/>
      <line num="24" count="0" type="stmt"/>
      <line num="25" count="0" type="stmt"/>
      <line num="26" count="2" type="stmt"/>
      <line num="29" count="26" type="stmt"/>
      <line num="101" count="21" type="stmt"/>
      <line num="102" count="21" type="cond" truecount="2" falsecount="0"/>
      <line num="103" count="20" type="stmt"/>
      <line num="108" count="3" type="stmt"/>
    </file>
    <file name="Codon.js" path="C:\Users\jackd\Documents\code\Gene\src\Codon.js">
      <metrics statements="18" coveredstatements="18" conditionals="16" coveredconditionals="16" methods="2" coveredmethods="2"/>
      <line num="1" count="2" type="stmt"/>
      <line num="5" count="22" type="cond" truecount="2" falsecount="0"/>
      <line num="6" count="2" type="stmt"/>
      <line num="9" count="20" type="cond" truecount="2" falsecount="0"/>
      <line num="10" count="2" type="stmt"/>
      <line num="13" count="18" type="stmt"/>
      <line num="14" count="18" type="stmt"/>
      <line num="15" count="54" type="cond" truecount="2" falsecount="0"/>
      <line num="16" count="2" type="stmt"/>
      <line num="20" count="16" type="stmt"/>
      <line num="21" count="16" type="stmt"/>
      <line num="22" count="16" type="cond" truecount="5" falsecount="0"/>
      <line num="23" count="8" type="stmt"/>
      <line num="26" count="16" type="cond" truecount="5" falsecount="0"/>
      <line num="27" count="2" type="stmt"/>
      <line num="32" count="19" type="stmt"/>
      <line num="33" count="19" type="stmt"/>
      <line num="37" count="2" type="stmt"/>
    </file>
    <file name="Strand.js" path="C:\Users\jackd\Documents\code\Gene\src\Strand.js">
      <metrics statements="22" coveredstatements="22" conditionals="6" coveredconditionals="6" methods="5" coveredmethods="5"/>
      <line num="1" count="1" type="stmt"/>
      <line num="5" count="13" type="stmt"/>
      <line num="9" count="20" type="cond" truecount="2" falsecount="0"/>
      <line num="10" count="1" type="stmt"/>
      <line num="13" count="19" type="cond" truecount="2" falsecount="0"/>
      <line num="14" count="1" type="stmt"/>
      <line num="17" count="18" type="stmt"/>
      <line num="18" count="18" type="cond" truecount="2" falsecount="0"/>
      <line num="19" count="1" type="stmt"/>
      <line num="22" count="17" type="stmt"/>
      <line num="26" count="3" type="stmt"/>
      <line num="30" count="2" type="stmt"/>
      <line num="31" count="2" type="stmt"/>
      <line num="32" count="2" type="stmt"/>
      <line num="33" count="4" type="stmt"/>
      <line num="35" count="2" type="stmt"/>
      <line num="39" count="1" type="stmt"/>
      <line num="40" count="1" type="stmt"/>
      <line num="41" count="1" type="stmt"/>
      <line num="42" count="2" type="stmt"/>
      <line num="44" count="1" type="stmt"/>
      <line num="48" count="1" type="stmt"/>
    </file>
  </project>
</coverage>
