{"C:\\Users\\jackd\\Documents\\code\\Gene\\src\\AminoAcid.js": {"path":"C:\\Users\\jackd\\Documents\\code\\Gene\\src\\AminoAcid.js","statementMap":{"0":{"start":{"line":4,"column":4},"end":{"line":6,"column":5}},"1":{"start":{"line":5,"column":6},"end":{"line":5,"column":41}},"2":{"start":{"line":8,"column":4},"end":{"line":10,"column":5}},"3":{"start":{"line":9,"column":6},"end":{"line":9,"column":41}},"4":{"start":{"line":12,"column":4},"end":{"line":14,"column":5}},"5":{"start":{"line":13,"column":6},"end":{"line":13,"column":41}},"6":{"start":{"line":16,"column":4},"end":{"line":16,"column":29}},"7":{"start":{"line":17,"column":4},"end":{"line":17,"column":29}},"8":{"start":{"line":21,"column":0},"end":{"line":21,"column":27}}},"fnMap":{"0":{"name":"(anonymous_0)","decl":{"start":{"line":3,"column":2},"end":{"line":3,"column":3}},"loc":{"start":{"line":3,"column":23},"end":{"line":18,"column":3}},"line":3}},"branchMap":{"0":{"loc":{"start":{"line":4,"column":4},"end":{"line":6,"column":5}},"type":"if","locations":[{"start":{"line":4,"column":4},"end":{"line":6,"column":5}},{"start":{},"end":{}}],"line":4},"1":{"loc":{"start":{"line":8,"column":4},"end":{"line":10,"column":5}},"type":"if","locations":[{"start":{"line":8,"column":4},"end":{"line":10,"column":5}},{"start":{},"end":{}}],"line":8},"2":{"loc":{"start":{"line":12,"column":4},"end":{"line":14,"column":5}},"type":"if","locations":[{"start":{"line":12,"column":4},"end":{"line":14,"column":5}},{"start":{},"end":{}}],"line":12}},"s":{"0":89,"1":1,"2":88,"3":1,"4":87,"5":1,"6":86,"7":86,"8":4},"f":{"0":89},"b":{"0":[1,88],"1":[1,87],"2":[1,86]},"_coverageSchema":"1a1c01bbd47fc00a2c39e90264f33305004495a9","hash":"3e03bb94e15740fa486a239744b2323071ae5b97"}
,"C:\\Users\\jackd\\Documents\\code\\Gene\\src\\AminoAcidFactory.js": {"path":"C:\\Users\\jackd\\Documents\\code\\Gene\\src\\AminoAcidFactory.js","statementMap":{"0":{"start":{"line":1,"column":18},"end":{"line":1,"column":40}},"1":{"start":{"line":5,"column":4},"end":{"line":27,"column":5}},"2":{"start":{"line":6,"column":17},"end":{"line":6,"column":68}},"3":{"start":{"line":7,"column":17},"end":{"line":7,"column":62}},"4":{"start":{"line":8,"column":17},"end":{"line":8,"column":65}},"5":{"start":{"line":9,"column":17},"end":{"line":9,"column":65}},"6":{"start":{"line":10,"column":17},"end":{"line":10,"column":61}},"7":{"start":{"line":11,"column":17},"end":{"line":11,"column":61}},"8":{"start":{"line":12,"column":17},"end":{"line":12,"column":62}},"9":{"start":{"line":13,"column":17},"end":{"line":13,"column":64}},"10":{"start":{"line":14,"column":17},"end":{"line":14,"column":62}},"11":{"start":{"line":15,"column":17},"end":{"line":15,"column":63}},"12":{"start":{"line":16,"column":17},"end":{"line":16,"column":64}},"13":{"start":{"line":17,"column":17},"end":{"line":17,"column":64}},"14":{"start":{"line":18,"column":17},"end":{"line":18,"column":65}},"15":{"start":{"line":19,"column":17},"end":{"line":19,"column":61}},"16":{"start":{"line":20,"column":17},"end":{"line":20,"column":68}},"17":{"start":{"line":21,"column":17},"end":{"line":21,"column":68}},"18":{"start":{"line":22,"column":17},"end":{"line":22,"column":63}},"19":{"start":{"line":23,"column":17},"end":{"line":23,"column":65}},"20":{"start":{"line":24,"column":17},"end":{"line":24,"column":63}},"21":{"start":{"line":25,"column":17},"end":{"line":25,"column":62}},"22":{"start":{"line":26,"column":17},"end":{"line":26,"column":59}},"23":{"start":{"line":29,"column":4},"end":{"line":97,"column":5}},"24":{"start":{"line":101,"column":17},"end":{"line":101,"column":40}},"25":{"start":{"line":102,"column":4},"end":{"line":104,"column":5}},"26":{"start":{"line":103,"column":6},"end":{"line":103,"column":37}},"27":{"start":{"line":108,"column":0},"end":{"line":108,"column":32}}},"fnMap":{"0":{"name":"(anonymous_0)","decl":{"start":{"line":4,"column":2},"end":{"line":4,"column":3}},"loc":{"start":{"line":4,"column":16},"end":{"line":98,"column":3}},"line":4},"1":{"name":"(anonymous_1)","decl":{"start":{"line":6,"column":11},"end":{"line":6,"column":12}},"loc":{"start":{"line":6,"column":17},"end":{"line":6,"column":68}},"line":6},"2":{"name":"(anonymous_2)","decl":{"start":{"line":7,"column":11},"end":{"line":7,"column":12}},"loc":{"start":{"line":7,"column":17},"end":{"line":7,"column":62}},"line":7},"3":{"name":"(anonymous_3)","decl":{"start":{"line":8,"column":11},"end":{"line":8,"column":12}},"loc":{"start":{"line":8,"column":17},"end":{"line":8,"column":65}},"line":8},"4":{"name":"(anonymous_4)","decl":{"start":{"line":9,"column":11},"end":{"line":9,"column":12}},"loc":{"start":{"line":9,"column":17},"end":{"line":9,"column":65}},"line":9},"5":{"name":"(anonymous_5)","decl":{"start":{"line":10,"column":11},"end":{"line":10,"column":12}},"loc":{"start":{"line":10,"column":17},"end":{"line":10,"column":61}},"line":10},"6":{"name":"(anonymous_6)","decl":{"start":{"line":11,"column":11},"end":{"line":11,"column":12}},"loc":{"start":{"line":11,"column":17},"end":{"line":11,"column":61}},"line":11},"7":{"name":"(anonymous_7)","decl":{"start":{"line":12,"column":11},"end":{"line":12,"column":12}},"loc":{"start":{"line":12,"column":17},"end":{"line":12,"column":62}},"line":12},"8":{"name":"(anonymous_8)","decl":{"start":{"line":13,"column":11},"end":{"line":13,"column":12}},"loc":{"start":{"line":13,"column":17},"end":{"line":13,"column":64}},"line":13},"9":{"name":"(anonymous_9)","decl":{"start":{"line":14,"column":11},"end":{"line":14,"column":12}},"loc":{"start":{"line":14,"column":17},"end":{"line":14,"column":62}},"line":14},"10":{"name":"(anonymous_10)","decl":{"start":{"line":15,"column":11},"end":{"line":15,"column":12}},"loc":{"start":{"line":15,"column":17},"end":{"line":15,"column":63}},"line":15},"11":{"name":"(anonymous_11)","decl":{"start":{"line":16,"column":11},"end":{"line":16,"column":12}},"loc":{"start":{"line":16,"column":17},"end":{"line":16,"column":64}},"line":16},"12":{"name":"(anonymous_12)","decl":{"start":{"line":17,"column":11},"end":{"line":17,"column":12}},"loc":{"start":{"line":17,"column":17},"end":{"line":17,"column":64}},"line":17},"13":{"name":"(anonymous_13)","decl":{"start":{"line":18,"column":11},"end":{"line":18,"column":12}},"loc":{"start":{"line":18,"column":17},"end":{"line":18,"column":65}},"line":18},"14":{"name":"(anonymous_14)","decl":{"start":{"line":19,"column":11},"end":{"line":19,"column":12}},"loc":{"start":{"line":19,"column":17},"end":{"line":19,"column":61}},"line":19},"15":{"name":"(anonymous_15)","decl":{"start":{"line":20,"column":11},"end":{"line":20,"column":12}},"loc":{"start":{"line":20,"column":17},"end":{"line":20,"column":68}},"line":20},"16":{"name":"(anonymous_16)","decl":{"start":{"line":21,"column":11},"end":{"line":21,"column":12}},"loc":{"start":{"line":21,"column":17},"end":{"line":21,"column":68}},"line":21},"17":{"name":"(anonymous_17)","decl":{"start":{"line":22,"column":11},"end":{"line":22,"column":12}},"loc":{"start":{"line":22,"column":17},"end":{"line":22,"column":63}},"line":22},"18":{"name":"(anonymous_18)","decl":{"start":{"line":23,"column":11},"end":{"line":23,"column":12}},"loc":{"start":{"line":23,"column":17},"end":{"line":23,"column":65}},"line":23},"19":{"name":"(anonymous_19)","decl":{"start":{"line":24,"column":11},"end":{"line":24,"column":12}},"loc":{"start":{"line":24,"column":17},"end":{"line":24,"column":63}},"line":24},"20":{"name":"(anonymous_20)","decl":{"start":{"line":25,"column":11},"end":{"line":25,"column":12}},"loc":{"start":{"line":25,"column":17},"end":{"line":25,"column":62}},"line":25},"21":{"name":"(anonymous_21)","decl":{"start":{"line":26,"column":11},"end":{"line":26,"column":12}},"loc":{"start":{"line":26,"column":17},"end":{"line":26,"column":59}},"line":26},"22":{"name":"(anonymous_22)","decl":{"start":{"line":100,"column":2},"end":{"line":100,"column":3}},"loc":{"start":{"line":100,"column":23},"end":{"line":105,"column":3}},"line":100}},"branchMap":{"0":{"loc":{"start":{"line":102,"column":4},"end":{"line":104,"column":5}},"type":"if","locations":[{"start":{"line":102,"column":4},"end":{"line":104,"column":5}},{"start":{},"end":{}}],"line":102}},"s":{"0":3,"1":27,"2":6,"3":6,"4":3,"5":11,"6":4,"7":6,"8":4,"9":8,"10":4,"11":2,"12":2,"13":2,"14":2,"15":2,"16":2,"17":2,"18":2,"19":1,"20":6,"21":4,"22":5,"23":27,"24":85,"25":85,"26":84,"27":3},"f":{"0":27,"1":6,"2":6,"3":3,"4":11,"5":4,"6":6,"7":4,"8":8,"9":4,"10":2,"11":2,"12":2,"13":2,"14":2,"15":2,"16":2,"17":2,"18":1,"19":6,"20":4,"21":5,"22":85},"b":{"0":[84,1]},"_coverageSchema":"1a1c01bbd47fc00a2c39e90264f33305004495a9","hash":"8e4f1f82ae88008ca66eed70d030fb1cf14caa3e"}
,"C:\\Users\\jackd\\Documents\\code\\Gene\\src\\Codon.js": {"path":"C:\\Users\\jackd\\Documents\\code\\Gene\\src\\Codon.js","statementMap":{"0":{"start":{"line":1,"column":25},"end":{"line":1,"column":54}},"1":{"start":{"line":5,"column":4},"end":{"line":7,"column":5}},"2":{"start":{"line":6,"column":6},"end":{"line":6,"column":38}},"3":{"start":{"line":9,"column":4},"end":{"line":11,"column":5}},"4":{"start":{"line":10,"column":6},"end":{"line":10,"column":46}},"5":{"start":{"line":13,"column":25},"end":{"line":13,"column":45}},"6":{"start":{"line":14,"column":4},"end":{"line":18,"column":5}},"7":{"start":{"line":14,"column":17},"end":{"line":14,"column":18}},"8":{"start":{"line":15,"column":6},"end":{"line":17,"column":7}},"9":{"start":{"line":16,"column":8},"end":{"line":16,"column":40}},"10":{"start":{"line":20,"column":4},"end":{"line":20,"column":41}},"11":{"start":{"line":21,"column":4},"end":{"line":21,"column":41}},"12":{"start":{"line":22,"column":4},"end":{"line":24,"column":5}},"13":{"start":{"line":23,"column":6},"end":{"line":23,"column":31}},"14":{"start":{"line":26,"column":4},"end":{"line":28,"column":5}},"15":{"start":{"line":27,"column":6},"end":{"line":27,"column":30}},"16":{"start":{"line":32,"column":20},"end":{"line":32,"column":42}},"17":{"start":{"line":33,"column":4},"end":{"line":33,"column":53}},"18":{"start":{"line":37,"column":0},"end":{"line":37,"column":23}}},"fnMap":{"0":{"name":"(anonymous_0)","decl":{"start":{"line":4,"column":2},"end":{"line":4,"column":3}},"loc":{"start":{"line":4,"column":30},"end":{"line":29,"column":3}},"line":4},"1":{"name":"(anonymous_1)","decl":{"start":{"line":31,"column":2},"end":{"line":31,"column":3}},"loc":{"start":{"line":31,"column":17},"end":{"line":34,"column":3}},"line":31}},"branchMap":{"0":{"loc":{"start":{"line":5,"column":4},"end":{"line":7,"column":5}},"type":"if","locations":[{"start":{"line":5,"column":4},"end":{"line":7,"column":5}},{"start":{},"end":{}}],"line":5},"1":{"loc":{"start":{"line":9,"column":4},"end":{"line":11,"column":5}},"type":"if","locations":[{"start":{"line":9,"column":4},"end":{"line":11,"column":5}},{"start":{},"end":{}}],"line":9},"2":{"loc":{"start":{"line":15,"column":6},"end":{"line":17,"column":7}},"type":"if","locations":[{"start":{"line":15,"column":6},"end":{"line":17,"column":7}},{"start":{},"end":{}}],"line":15},"3":{"loc":{"start":{"line":22,"column":4},"end":{"line":24,"column":5}},"type":"if","locations":[{"start":{"line":22,"column":4},"end":{"line":24,"column":5}},{"start":{},"end":{}}],"line":22},"4":{"loc":{"start":{"line":22,"column":8},"end":{"line":22,"column":103}},"type":"binary-expr","locations":[{"start":{"line":22,"column":8},"end":{"line":22,"column":37}},{"start":{"line":22,"column":41},"end":{"line":22,"column":70}},{"start":{"line":22,"column":74},"end":{"line":22,"column":103}}],"line":22},"5":{"loc":{"start":{"line":26,"column":4},"end":{"line":28,"column":5}},"type":"if","locations":[{"start":{"line":26,"column":4},"end":{"line":28,"column":5}},{"start":{},"end":{}}],"line":26},"6":{"loc":{"start":{"line":26,"column":8},"end":{"line":26,"column":103}},"type":"binary-expr","locations":[{"start":{"line":26,"column":8},"end":{"line":26,"column":37}},{"start":{"line":26,"column":41},"end":{"line":26,"column":70}},{"start":{"line":26,"column":74},"end":{"line":26,"column":103}}],"line":26}},"s":{"0":2,"1":22,"2":2,"3":20,"4":2,"5":18,"6":18,"7":18,"8":54,"9":2,"10":16,"11":16,"12":16,"13":8,"14":16,"15":2,"16":19,"17":19,"18":2},"f":{"0":22,"1":19},"b":{"0":[2,20],"1":[2,18],"2":[2,52],"3":[8,8],"4":[16,16,16],"5":[2,14],"6":[16,14,14]},"_coverageSchema":"1a1c01bbd47fc00a2c39e90264f33305004495a9","hash":"9ae74d8c36118e3f6055a9b5525c8790c3888e85"}
,"C:\\Users\\jackd\\Documents\\code\\Gene\\src\\Strand.js": {"path":"C:\\Users\\jackd\\Documents\\code\\Gene\\src\\Strand.js","statementMap":{"0":{"start":{"line":1,"column":14},"end":{"line":1,"column":32}},"1":{"start":{"line":5,"column":4},"end":{"line":5,"column":23}},"2":{"start":{"line":9,"column":4},"end":{"line":11,"column":5}},"3":{"start":{"line":10,"column":6},"end":{"line":10,"column":38}},"4":{"start":{"line":13,"column":4},"end":{"line":15,"column":5}},"5":{"start":{"line":14,"column":6},"end":{"line":14,"column":45}},"6":{"start":{"line":17,"column":25},"end":{"line":17,"column":45}},"7":{"start":{"line":18,"column":4},"end":{"line":20,"column":5}},"8":{"start":{"line":19,"column":6},"end":{"line":19,"column":38}},"9":{"start":{"line":22,"column":4},"end":{"line":22,"column":29}},"10":{"start":{"line":26,"column":4},"end":{"line":26,"column":34}},"11":{"start":{"line":30,"column":19},"end":{"line":30,"column":21}},"12":{"start":{"line":31,"column":19},"end":{"line":31,"column":34}},"13":{"start":{"line":32,"column":4},"end":{"line":34,"column":5}},"14":{"start":{"line":32,"column":17},"end":{"line":32,"column":18}},"15":{"start":{"line":33,"column":6},"end":{"line":33,"column":57}},"16":{"start":{"line":35,"column":4},"end":{"line":35,"column":18}},"17":{"start":{"line":39,"column":23},"end":{"line":39,"column":25}},"18":{"start":{"line":40,"column":19},"end":{"line":40,"column":35}},"19":{"start":{"line":41,"column":4},"end":{"line":43,"column":5}},"20":{"start":{"line":41,"column":17},"end":{"line":41,"column":18}},"21":{"start":{"line":42,"column":6},"end":{"line":42,"column":48}},"22":{"start":{"line":44,"column":4},"end":{"line":44,"column":22}},"23":{"start":{"line":48,"column":0},"end":{"line":48,"column":24}}},"fnMap":{"0":{"name":"(anonymous_0)","decl":{"start":{"line":4,"column":2},"end":{"line":4,"column":3}},"loc":{"start":{"line":4,"column":16},"end":{"line":6,"column":3}},"line":4},"1":{"name":"(anonymous_1)","decl":{"start":{"line":8,"column":2},"end":{"line":8,"column":3}},"loc":{"start":{"line":8,"column":22},"end":{"line":23,"column":3}},"line":8},"2":{"name":"(anonymous_2)","decl":{"start":{"line":25,"column":2},"end":{"line":25,"column":3}},"loc":{"start":{"line":25,"column":13},"end":{"line":27,"column":3}},"line":25},"3":{"name":"(anonymous_3)","decl":{"start":{"line":29,"column":2},"end":{"line":29,"column":3}},"loc":{"start":{"line":29,"column":14},"end":{"line":36,"column":3}},"line":29},"4":{"name":"(anonymous_4)","decl":{"start":{"line":38,"column":2},"end":{"line":38,"column":3}},"loc":{"start":{"line":38,"column":18},"end":{"line":45,"column":3}},"line":38}},"branchMap":{"0":{"loc":{"start":{"line":9,"column":4},"end":{"line":11,"column":5}},"type":"if","locations":[{"start":{"line":9,"column":4},"end":{"line":11,"column":5}},{"start":{},"end":{}}],"line":9},"1":{"loc":{"start":{"line":13,"column":4},"end":{"line":15,"column":5}},"type":"if","locations":[{"start":{"line":13,"column":4},"end":{"line":15,"column":5}},{"start":{},"end":{}}],"line":13},"2":{"loc":{"start":{"line":18,"column":4},"end":{"line":20,"column":5}},"type":"if","locations":[{"start":{"line":18,"column":4},"end":{"line":20,"column":5}},{"start":{},"end":{}}],"line":18}},"s":{"0":1,"1":13,"2":20,"3":1,"4":19,"5":1,"6":18,"7":18,"8":1,"9":17,"10":3,"11":2,"12":2,"13":2,"14":2,"15":4,"16":2,"17":1,"18":1,"19":1,"20":1,"21":2,"22":1,"23":1},"f":{"0":13,"1":20,"2":3,"3":2,"4":1},"b":{"0":[1,19],"1":[1,18],"2":[1,17]},"_coverageSchema":"1a1c01bbd47fc00a2c39e90264f33305004495a9","hash":"cf5f0d87013969e9794a9476bfdeac47bfa1389c"}
}
