TN:
SF:src\Codon.js
FN:4,(anonymous_0)
FN:23,(anonymous_1)
FNF:2
FNH:2
FNDA:15,(anonymous_0)
FNDA:1,(anonymous_1)
DA:1,2
DA:5,15
DA:6,2
DA:9,13
DA:10,2
DA:13,11
DA:14,11
DA:15,33
DA:16,2
DA:20,9
DA:24,1
DA:25,1
DA:29,2
LF:13
LH:13
BRDA:5,0,0,2
BRDA:5,0,1,13
BRDA:9,1,0,2
BRDA:9,1,1,11
BRDA:15,2,0,2
BRDA:15,2,1,31
BRF:6
BRH:6
end_of_record
TN:
SF:src\ProteinTable.js
FN:3,(anonymous_0)
FN:75,(anonymous_1)
FNF:2
FNH:2
FNDA:8,(anonymous_0)
FNDA:3,(anonymous_1)
DA:4,8
DA:76,3
DA:80,3
LF:3
LH:3
BRDA:76,0,0,3
BRDA:76,0,1,1
BRF:2
BRH:2
end_of_record
TN:
SF:src\Strand.js
FN:4,(anonymous_0)
FN:8,(anonymous_1)
FN:25,(anonymous_2)
FN:29,(anonymous_3)
FNF:4
FNH:4
FNDA:11,(anonymous_0)
FNDA:14,(anonymous_1)
FNDA:2,(anonymous_2)
FNDA:1,(anonymous_3)
DA:1,1
DA:5,11
DA:9,14
DA:10,1
DA:13,13
DA:14,1
DA:17,12
DA:18,12
DA:19,1
DA:22,11
DA:26,2
DA:30,1
DA:31,1
DA:32,1
DA:33,2
DA:35,1
DA:39,1
LF:17
LH:17
BRDA:9,0,0,1
BRDA:9,0,1,13
BRDA:13,1,0,1
BRDA:13,1,1,12
BRDA:18,2,0,1
BRDA:18,2,1,11
BRF:6
BRH:6
end_of_record
