TN:
SF:src\AminoAcid.js
FN:3,(anonymous_0)
FNF:1
FNH:1
FNDA:25,(anonymous_0)
DA:4,25
DA:5,1
DA:8,24
DA:9,1
DA:12,23
DA:13,1
DA:16,22
DA:17,22
DA:21,4
LF:9
LH:9
BRDA:4,0,0,1
BRDA:4,0,1,24
BRDA:8,1,0,1
BRDA:8,1,1,23
BRDA:12,2,0,1
BRDA:12,2,1,22
BRF:6
BRH:6
end_of_record
TN:
SF:src\AminoAcidFactory.js
FN:4,(anonymous_0)
FN:6,(anonymous_1)
FN:7,(anonymous_2)
FN:8,(anonymous_3)
FN:9,(anonymous_4)
FN:10,(anonymous_5)
FN:11,(anonymous_6)
FN:12,(anonymous_7)
FN:13,(anonymous_8)
FN:14,(anonymous_9)
FN:15,(anonymous_10)
FN:16,(anonymous_11)
FN:17,(anonymous_12)
FN:18,(anonymous_13)
FN:19,(anonymous_14)
FN:20,(anonymous_15)
FN:21,(anonymous_16)
FN:22,(anonymous_17)
FN:23,(anonymous_18)
FN:24,(anonymous_19)
FN:25,(anonymous_20)
FN:26,(anonymous_21)
FN:100,(anonymous_22)
FNF:23
FNH:6
FNDA:26,(anonymous_0)
FNDA:4,(anonymous_1)
FNDA:0,(anonymous_2)
FNDA:0,(anonymous_3)
FNDA:10,(anonymous_4)
FNDA:0,(anonymous_5)
FNDA:0,(anonymous_6)
FNDA:0,(anonymous_7)
FNDA:4,(anonymous_8)
FNDA:0,(anonymous_9)
FNDA:0,(anonymous_10)
FNDA:0,(anonymous_11)
FNDA:0,(anonymous_12)
FNDA:0,(anonymous_13)
FNDA:0,(anonymous_14)
FNDA:0,(anonymous_15)
FNDA:0,(anonymous_16)
FNDA:0,(anonymous_17)
FNDA:0,(anonymous_18)
FNDA:0,(anonymous_19)
FNDA:0,(anonymous_20)
FNDA:2,(anonymous_21)
FNDA:21,(anonymous_22)
DA:1,3
DA:5,26
DA:6,4
DA:7,0
DA:8,0
DA:9,10
DA:10,0
DA:11,0
DA:12,0
DA:13,4
DA:14,0
DA:15,0
DA:16,0
DA:17,0
DA:18,0
DA:19,0
DA:20,0
DA:21,0
DA:22,0
DA:23,0
DA:24,0
DA:25,0
DA:26,2
DA:29,26
DA:101,21
DA:102,21
DA:103,20
DA:108,3
LF:28
LH:11
BRDA:102,0,0,20
BRDA:102,0,1,1
BRF:2
BRH:2
end_of_record
TN:
SF:src\Codon.js
FN:4,(anonymous_0)
FN:31,(anonymous_1)
FNF:2
FNH:2
FNDA:22,(anonymous_0)
FNDA:19,(anonymous_1)
DA:1,2
DA:5,22
DA:6,2
DA:9,20
DA:10,2
DA:13,18
DA:14,18
DA:15,54
DA:16,2
DA:20,16
DA:21,16
DA:22,16
DA:23,8
DA:26,16
DA:27,2
DA:32,19
DA:33,19
DA:37,2
LF:18
LH:18
BRDA:5,0,0,2
BRDA:5,0,1,20
BRDA:9,1,0,2
BRDA:9,1,1,18
BRDA:15,2,0,2
BRDA:15,2,1,52
BRDA:22,3,0,8
BRDA:22,3,1,8
BRDA:22,4,0,16
BRDA:22,4,1,16
BRDA:22,4,2,16
BRDA:26,5,0,2
BRDA:26,5,1,14
BRDA:26,6,0,16
BRDA:26,6,1,14
BRDA:26,6,2,14
BRF:16
BRH:16
end_of_record
TN:
SF:src\Strand.js
FN:4,(anonymous_0)
FN:8,(anonymous_1)
FN:25,(anonymous_2)
FN:29,(anonymous_3)
FN:38,(anonymous_4)
FNF:5
FNH:5
FNDA:13,(anonymous_0)
FNDA:20,(anonymous_1)
FNDA:3,(anonymous_2)
FNDA:2,(anonymous_3)
FNDA:1,(anonymous_4)
DA:1,1
DA:5,13
DA:9,20
DA:10,1
DA:13,19
DA:14,1
DA:17,18
DA:18,18
DA:19,1
DA:22,17
DA:26,3
DA:30,2
DA:31,2
DA:32,2
DA:33,4
DA:35,2
DA:39,1
DA:40,1
DA:41,1
DA:42,2
DA:44,1
DA:48,1
LF:22
LH:22
BRDA:9,0,0,1
BRDA:9,0,1,19
BRDA:13,1,0,1
BRDA:13,1,1,18
BRDA:18,2,0,1
BRDA:18,2,1,17
BRF:6
BRH:6
end_of_record
